# JRE version: Java(TM) SE Runtime Environment (8.0_161-b12) (build 1.8.0_161-b12)
# Java VM: Java HotSpot(TM) 64-Bit Server VM (25.161-b12 mixed mode windows-amd64 compressed oops)
Heap:
 PSYoungGen      total 471040K, used 328540K [0x00000000e0000000, 0x0000000100000000, 0x0000000100000000)
  eden space 420352K, 73% used [0x00000000e0000000,0x00000000f2da57d0,0x00000000f9a80000)
  from space 50688K, 38% used [0x00000000fca00000,0x00000000fdd31900,0x00000000ffb80000)
  to   space 48640K, 0% used [0x00000000f9a80000,0x00000000f9a80000,0x00000000fca00000)
 ParOldGen       total 399360K, used 225263K [0x00000000a0000000, 0x00000000b8600000, 0x00000000e0000000)
  object space 399360K, 56% used [0x00000000a0000000,0x00000000adbfbc28,0x00000000b8600000)
 Metaspace       used 79491K, capacity 83048K, committed 83200K, reserved 1120256K
  class space    used 10765K, capacity 11401K, committed 11520K, reserved 1048576K
GC Heap History (10 events):
Event: 56.729 GC heap before
{Heap before GC invocations=29 (full 3):
 PSYoungGen      total 473088K, used 472792K [0x00000000e0000000, 0x0000000100000000, 0x0000000100000000)
  eden space 430080K, 100% used [0x00000000e0000000,0x00000000fa400000,0x00000000fa400000)
  from space 43008K, 99% used [0x00000000fa400000,0x00000000fcdb6398,0x00000000fce00000)
  to   space 51200K, 0% used [0x00000000fce00000,0x00000000fce00000,0x0000000100000000)
 ParOldGen       total 399360K, used 125304K [0x00000000a0000000, 0x00000000b8600000, 0x00000000e0000000)
  object space 399360K, 31% used [0x00000000a0000000,0x00000000a7a5e1d0,0x00000000b8600000)
 Metaspace       used 79455K, capacity 82978K, committed 83200K, reserved 1120256K
  class space    used 10764K, capacity 11400K, committed 11520K, reserved 1048576K
Event: 56.773 GC heap after
Heap after GC invocations=29 (full 3):
 PSYoungGen      total 470016K, used 35139K [0x00000000e0000000, 0x0000000100000000, 0x0000000100000000)
  eden space 418816K, 0% used [0x00000000e0000000,0x00000000e0000000,0x00000000f9900000)
  from space 51200K, 68% used [0x00000000fce00000,0x00000000ff050cf8,0x0000000100000000)
  to   space 52736K, 0% used [0x00000000f9900000,0x00000000f9900000,0x00000000fcc80000)
 ParOldGen       total 399360K, used 158531K [0x00000000a0000000, 0x00000000b8600000, 0x00000000e0000000)
  object space 399360K, 39% used [0x00000000a0000000,0x00000000a9ad0ee0,0x00000000b8600000)
 Metaspace       used 79455K, capacity 82978K, committed 83200K, reserved 1120256K
  class space    used 10764K, capacity 11400K, committed 11520K, reserved 1048576K
}
Event: 57.688 GC heap before
{Heap before GC invocations=30 (full 3):
 PSYoungGen      total 470016K, used 453955K [0x00000000e0000000, 0x0000000100000000, 0x0000000100000000)
  eden space 418816K, 100% used [0x00000000e0000000,0x00000000f9900000,0x00000000f9900000)
  from space 51200K, 68% used [0x00000000fce00000,0x00000000ff050cf8,0x0000000100000000)
  to   space 52736K, 0% used [0x00000000f9900000,0x00000000f9900000,0x00000000fcc80000)
 ParOldGen       total 399360K, used 158531K [0x00000000a0000000, 0x00000000b8600000, 0x00000000e0000000)
  object space 399360K, 39% used [0x00000000a0000000,0x00000000a9ad0ee0,0x00000000b8600000)
 Metaspace       used 79460K, capacity 82978K, committed 83200K, reserved 1120256K
  class space    used 10764K, capacity 11400K, committed 11520K, reserved 1048576K
Event: 57.764 GC heap after
Heap after GC invocations=30 (full 3):
 PSYoungGen      total 427520K, used 8576K [0x00000000e0000000, 0x0000000100000000, 0x0000000100000000)
  eden space 418816K, 0% used [0x00000000e0000000,0x00000000e0000000,0x00000000f9900000)
  from space 8704K, 98% used [0x00000000f9900000,0x00000000fa160010,0x00000000fa180000)
  to   space 53248K, 0% used [0x00000000fcc00000,0x00000000fcc00000,0x0000000100000000)
 ParOldGen       total 399360K, used 191706K [0x00000000a0000000, 0x00000000b8600000, 0x00000000e0000000)
  object space 399360K, 48% used [0x00000000a0000000,0x00000000abb36ba8,0x00000000b8600000)
 Metaspace       used 79460K, capacity 82978K, committed 83200K, reserved 1120256K
  class space    used 10764K, capacity 11400K, committed 11520K, reserved 1048576K
}
Event: 58.695 GC heap before
{Heap before GC invocations=31 (full 3):
 PSYoungGen      total 427520K, used 427392K [0x00000000e0000000, 0x0000000100000000, 0x0000000100000000)
  eden space 418816K, 100% used [0x00000000e0000000,0x00000000f9900000,0x00000000f9900000)
  from space 8704K, 98% used [0x00000000f9900000,0x00000000fa160010,0x00000000fa180000)
  to   space 53248K, 0% used [0x00000000fcc00000,0x00000000fcc00000,0x0000000100000000)
 ParOldGen       total 399360K, used 191706K [0x00000000a0000000, 0x00000000b8600000, 0x00000000e0000000)
  object space 399360K, 48% used [0x00000000a0000000,0x00000000abb36ba8,0x00000000b8600000)
 Metaspace       used 79468K, capacity 82978K, committed 83200K, reserved 1120256K
  class space    used 10765K, capacity 11400K, committed 11520K, reserved 1048576K
Event: 58.736 GC heap after
Heap after GC invocations=31 (full 3):
 PSYoungGen      total 471552K, used 10688K [0x00000000e0000000, 0x0000000100000000, 0x0000000100000000)
  eden space 418304K, 0% used [0x00000000e0000000,0x00000000e0000000,0x00000000f9880000)
  from space 53248K, 20% used [0x00000000fcc00000,0x00000000fd670010,0x0000000100000000)
  to   space 52736K, 0% used [0x00000000f9880000,0x00000000f9880000,0x00000000fcc00000)
 ParOldGen       total 399360K, used 199458K [0x00000000a0000000, 0x00000000b8600000, 0x00000000e0000000)
  object space 399360K, 49% used [0x00000000a0000000,0x00000000ac2c88c8,0x00000000b8600000)
 Metaspace       used 79468K, capacity 82978K, committed 83200K, reserved 1120256K
  class space    used 10765K, capacity 11400K, committed 11520K, reserved 1048576K
}
Event: 59.530 GC heap before
{Heap before GC invocations=32 (full 3):
 PSYoungGen      total 471552K, used 428992K [0x00000000e0000000, 0x0000000100000000, 0x0000000100000000)
  eden space 418304K, 100% used [0x00000000e0000000,0x00000000f9880000,0x00000000f9880000)
  from space 53248K, 20% used [0x00000000fcc00000,0x00000000fd670010,0x0000000100000000)
  to   space 52736K, 0% used [0x00000000f9880000,0x00000000f9880000,0x00000000fcc00000)
 ParOldGen       total 399360K, used 202536K [0x00000000a0000000, 0x00000000b8600000, 0x00000000e0000000)
  object space 399360K, 50% used [0x00000000a0000000,0x00000000ac5ca270,0x00000000b8600000)
 Metaspace       used 79472K, capacity 82978K, committed 83200K, reserved 1120256K
  class space    used 10765K, capacity 11400K, committed 11520K, reserved 1048576K
Event: 59.575 GC heap after
Heap after GC invocations=32 (full 3):
 PSYoungGen      total 436224K, used 17812K [0x00000000e0000000, 0x00000000ffb80000, 0x0000000100000000)
  eden space 418304K, 0% used [0x00000000e0000000,0x00000000e0000000,0x00000000f9880000)
  from space 17920K, 99% used [0x00000000f9880000,0x00000000fa9e5138,0x00000000faa00000)
  to   space 50688K, 0% used [0x00000000fca00000,0x00000000fca00000,0x00000000ffb80000)
 ParOldGen       total 399360K, used 210008K [0x00000000a0000000, 0x00000000b8600000, 0x00000000e0000000)
  object space 399360K, 52% used [0x00000000a0000000,0x00000000acd160f8,0x00000000b8600000)
 Metaspace       used 79472K, capacity 82978K, committed 83200K, reserved 1120256K
  class space    used 10765K, capacity 11400K, committed 11520K, reserved 1048576K
}
Event: 60.565 GC heap before
{Heap before GC invocations=33 (full 3):
 PSYoungGen      total 436224K, used 436116K [0x00000000e0000000, 0x00000000ffb80000, 0x0000000100000000)
  eden space 418304K, 100% used [0x00000000e0000000,0x00000000f9880000,0x00000000f9880000)
  from space 17920K, 99% used [0x00000000f9880000,0x00000000fa9e5138,0x00000000faa00000)
  to   space 50688K, 0% used [0x00000000fca00000,0x00000000fca00000,0x00000000ffb80000)
 ParOldGen       total 399360K, used 210010K [0x00000000a0000000, 0x00000000b8600000, 0x00000000e0000000)
  object space 399360K, 52% used [0x00000000a0000000,0x00000000acd169f8,0x00000000b8600000)
 Metaspace       used 79485K, capacity 83048K, committed 83200K, reserved 1120256K
  class space    used 10765K, capacity 11401K, committed 11520K, reserved 1048576K
Event: 60.615 GC heap after
Heap after GC invocations=33 (full 3):
 PSYoungGen      total 471040K, used 19654K [0x00000000e0000000, 0x0000000100000000, 0x0000000100000000)
  eden space 420352K, 0% used [0x00000000e0000000,0x00000000e0000000,0x00000000f9a80000)
  from space 50688K, 38% used [0x00000000fca00000,0x00000000fdd31900,0x00000000ffb80000)
  to   space 48640K, 0% used [0x00000000f9a80000,0x00000000f9a80000,0x00000000fca00000)
 ParOldGen       total 399360K, used 225263K [0x00000000a0000000, 0x00000000b8600000, 0x00000000e0000000)
  object space 399360K, 56% used [0x00000000a0000000,0x00000000adbfbc28,0x00000000b8600000)
 Metaspace       used 79485K, capacity 83048K, committed 83200K, reserved 1120256K
  class space    used 10765K, capacity 11401K, committed 11520K, reserved 1048576K
}

